生成启动时间为 2021/7/17 22:47:43。
     1>项目“E:\比特\c进阶作业\Test_7_5作业_7\Test_7_5作业_7\Test_7_5作业_7.vcxproj”在节点 2 上(Build 个目标)。
     1>ClCompile:
         D:\Program Files\vs2013\VC\bin\CL.exe /c /ZI /nologo /W3 /WX- /Od /Oy- /D WIN32 /D _DEBUG /D _CONSOLE /D _LIB /D _UNICODE /D UNICODE /Gm /EHsc /RTC1 /MDd /GS /fp:precise /Zc:wchar_t /Zc:forScope /Fo"Debug\\" /Fd"Debug\vc120.pdb" /Gd /TC /analyze- /errorReport:prompt "猜凶手.c"
         猜凶手.c
     1>e:\比特\c进阶作业\test_7_5作业_7\test_7_5作业_7\猜凶手.c(18): error C2017: 非法的转义序列
     1>e:\比特\c进阶作业\test_7_5作业_7\test_7_5作业_7\猜凶手.c(18): error C2146: 语法错误: 缺少“)”(在标识符“n”的前面)
     1>e:\比特\c进阶作业\test_7_5作业_7\test_7_5作业_7\猜凶手.c(18): error C2059: 语法错误:“)”
     1>已完成生成项目“E:\比特\c进阶作业\Test_7_5作业_7\Test_7_5作业_7\Test_7_5作业_7.vcxproj”(Build 个目标)的操作 - 失败。

生成失败。

已用时间 00:00:00.28
