生成启动时间为 2021/6/16 14:09:25。
     1>项目“E:\比特\c初阶\Test_求两个数的较大值\Test_求两个数的较大值\Test_求两个数的较大值.vcxproj”在节点 2 上(Build 个目标)。
     1>Link:
         D:\program files\VC\bin\link.exe /ERRORREPORT:PROMPT /OUT:"E:\比特\c初阶\Test_求两个数的较大值\Debug\Test_求两个数的较大值.exe" /INCREMENTAL /NOLOGO kernel32.lib user32.lib gdi32.lib winspool.lib comdlg32.lib advapi32.lib shell32.lib ole32.lib oleaut32.lib uuid.lib odbc32.lib odbccp32.lib /MANIFEST /MANIFESTUAC:"level='asInvoker' uiAccess='false'" /manifest:embed /DEBUG /PDB:"E:\比特\c初阶\Test_求两个数的较大值\Debug\Test_求两个数的较大值.pdb" /SUBSYSTEM:CONSOLE /TLBID:1 /DYNAMICBASE /NXCOMPAT /IMPLIB:"E:\比特\c初阶\Test_求两个数的较大值\Debug\Test_求两个数的较大值.lib" /MACHINE:X86 "Debug\从大到小输出.obj"
         "Debug\求两个数的较大值.obj"
     1>求两个数的较大值.obj : error LNK2005: _main 已经在 从大到小输出.obj 中定义
     1>E:\比特\c初阶\Test_求两个数的较大值\Debug\Test_求两个数的较大值.exe : fatal error LNK1169: 找到一个或多个多重定义的符号
     1>已完成生成项目“E:\比特\c初阶\Test_求两个数的较大值\Test_求两个数的较大值\Test_求两个数的较大值.vcxproj”(Build 个目标)的操作 - 失败。

生成失败。

已用时间 00:00:00.44
